2019-08-05 21:19:17,428 INFO (StartupInfoLogger.java:50)- Starting MisApplication on DESKTOP-8330D8S with PID 46820 (D:\project\java\sts\mis\target\classes started by gjq in D:\project\java\sts\mis)
2019-08-05 21:19:17,430 INFO (SpringApplication.java:646)- No active profile set, falling back to default profiles: default
2019-08-05 21:19:17,454 INFO (DeferredLog.java:225)- Devtools property defaults active! Set 'spring.devtools.add-properties' to 'false' to disable
2019-08-05 21:19:17,454 INFO (DeferredLog.java:225)- For additional web related logging consider setting the 'logging.level.web' property to 'DEBUG'
2019-08-05 21:19:18,149 INFO (TomcatWebServer.java:90)- Tomcat initialized with port(s): 8080 (http)
2019-08-05 21:19:18,161 INFO (DirectJDKLog.java:173)- Initializing ProtocolHandler ["http-nio-8080"]
2019-08-05 21:19:18,168 INFO (DirectJDKLog.java:173)- Starting service [Tomcat]
2019-08-05 21:19:18,168 INFO (DirectJDKLog.java:173)- Starting Servlet engine: [Apache Tomcat/9.0.21]
2019-08-05 21:19:18,461 INFO (DirectJDKLog.java:173)- Initializing Spring embedded WebApplicationContext
2019-08-05 21:19:18,461 INFO (ServletWebServerApplicationContext.java:283)- Root WebApplicationContext: initialization completed in 1007 ms
2019-08-05 21:19:18,581 INFO (HikariDataSource.java:110)- HikariPool-1 - Starting...
2019-08-05 21:19:18,828 INFO (HikariDataSource.java:123)- HikariPool-1 - Start completed.
2019-08-05 21:19:19,068 INFO (ExecutorConfigurationSupport.java:171)- Initializing ExecutorService 'applicationTaskExecutor'
2019-08-05 21:19:19,241 INFO (OptionalLiveReloadServer.java:57)- LiveReload server is running on port 35729
2019-08-05 21:19:19,259 INFO (DirectJDKLog.java:173)- Starting ProtocolHandler ["http-nio-8080"]
2019-08-05 21:19:19,273 INFO (TomcatWebServer.java:202)- Tomcat started on port(s): 8080 (http) with context path ''
2019-08-05 21:19:19,274 INFO (StartupInfoLogger.java:59)- Started MisApplication in 2.043 seconds (JVM running for 8.297)
2019-08-05 21:19:24,336 INFO (SpringApplicationAdminMXBeanRegistrar.java:159)- Application shutdown requested.
2019-08-05 21:19:24,340 INFO (ExecutorConfigurationSupport.java:208)- Shutting down ExecutorService 'applicationTaskExecutor'
2019-08-05 21:19:24,341 INFO (HikariDataSource.java:350)- HikariPool-1 - Shutdown initiated...
2019-08-05 21:19:24,344 INFO (HikariDataSource.java:352)- HikariPool-1 - Shutdown completed.
